<?xml version="1.0" encoding="UTF-8"?>
<testsuite name="TicTacToeTest" tests="1" skipped="0" failures="0" errors="0" timestamp="2020-03-09T19:27:49" hostname="DESKTOP-AA83CD0" time="0.325">
  <properties/>
  <testcase name="start" classname="TicTacToeTest" time="0.325"/>
  <system-out><![CDATA[?[1;31m
Start test 1?[0m
---------
|       |
|       |
|       |
---------
Enter the coordinates: 
>1 1
---------
|       |
|       |
| X     |
---------
Enter the coordinates: 
>1 4
Coordinates should be from 1 to 3!
>2 3
---------
|       |
|     O |
| X     |
---------
Enter the coordinates: 
>4 4
Coordinates should be from 1 to 3!
>3 3
---------
|     X |
|     O |
| X     |
---------
Enter the coordinates: 
>3 4
Coordinates should be from 1 to 3!
>1 2
---------
|     X |
|     O |
| X O   |
---------
Enter the coordinates: 
>3 2
---------
|   X X |
|     O |
| X O   |
---------
Enter the coordinates: 
>1 4
Coordinates should be from 1 to 3!
>2 3
This cell is occupied! Choose another one!
>1 1
This cell is occupied! Choose another one!
>1 2
This cell is occupied! Choose another one!
>1 3
---------
|   X X |
|     O |
| X O O |
---------
Enter the coordinates: 
>2 1
---------
|   X X |
| X   O |
| X O O |
---------
Enter the coordinates: 
>2 2
---------
|   X X |
| X O O |
| X O O |
---------
Enter the coordinates: 
>2 3
This cell is occupied! Choose another one!
>3 1
---------
| X X X |
| X O O |
| X O O |
---------
X wins
?[1;31m
Start test 2?[0m
---------
|       |
|       |
|       |
---------
Enter the coordinates: 
>4 1
Coordinates should be from 1 to 3!
>2 1
---------
|       |
| X     |
|       |
---------
Enter the coordinates: 
>1 2
---------
|       |
| X     |
|   O   |
---------
Enter the coordinates: 
>2 4
Coordinates should be from 1 to 3!
>1 2
This cell is occupied! Choose another one!
>1 3
---------
|       |
| X     |
|   O X |
---------
Enter the coordinates: 
>4 2
Coordinates should be from 1 to 3!
>4 3
Coordinates should be from 1 to 3!
>4 1
Coordinates should be from 1 to 3!
>2 1
This cell is occupied! Choose another one!
>3 4
Coordinates should be from 1 to 3!
>1 2
This cell is occupied! Choose another one!
>1 3
This cell is occupied! Choose another one!
>2 1
This cell is occupied! Choose another one!
>2 2
---------
|       |
| X O   |
|   O X |
---------
Enter the coordinates: 
>2 3
---------
|       |
| X O X |
|   O X |
---------
Enter the coordinates: 
>3 1
---------
| O     |
| X O X |
|   O X |
---------
Enter the coordinates: 
>3 2
---------
| O X   |
| X O X |
|   O X |
---------
Enter the coordinates: 
>3 3
---------
| O X O |
| X O X |
|   O X |
---------
Enter the coordinates: 
>1 1
---------
| O X O |
| X O X |
| X O X |
---------
Draw
?[1;31m
Start test 3?[0m
---------
|       |
|       |
|       |
---------
Enter the coordinates: 
>4 3
Coordinates should be from 1 to 3!
>3 4
Coordinates should be from 1 to 3!
>2 3
---------
|       |
|     X |
|       |
---------
Enter the coordinates: 
>2 2
---------
|       |
|   O X |
|       |
---------
Enter the coordinates: 
>4 1
Coordinates should be from 1 to 3!
>3 1
---------
| X     |
|   O X |
|       |
---------
Enter the coordinates: 
>4 3
Coordinates should be from 1 to 3!
>3 1
This cell is occupied! Choose another one!
>2 3
This cell is occupied! Choose another one!
>4 2
Coordinates should be from 1 to 3!
>1 3
---------
| X     |
|   O X |
|     O |
---------
Enter the coordinates: 
>2 1
---------
| X     |
| X O X |
|     O |
---------
Enter the coordinates: 
>2 2
This cell is occupied! Choose another one!
>2 3
This cell is occupied! Choose another one!
>3 1
This cell is occupied! Choose another one!
>3 2
---------
| X O   |
| X O X |
|     O |
---------
Enter the coordinates: 
>3 3
---------
| X O X |
| X O X |
|     O |
---------
Enter the coordinates: 
>1 1
---------
| X O X |
| X O X |
| O   O |
---------
Enter the coordinates: 
>1 2
---------
| X O X |
| X O X |
| O X O |
---------
Draw
?[1;31m
Start test 4?[0m
---------
|       |
|       |
|       |
---------
Enter the coordinates: 
>4 3
Coordinates should be from 1 to 3!
>3 1
---------
| X     |
|       |
|       |
---------
Enter the coordinates: 
>2 4
Coordinates should be from 1 to 3!
>3 4
Coordinates should be from 1 to 3!
>4 4
Coordinates should be from 1 to 3!
>4 2
Coordinates should be from 1 to 3!
>2 4
Coordinates should be from 1 to 3!
>2 3
---------
| X     |
|     O |
|       |
---------
Enter the coordinates: 
>4 3
Coordinates should be from 1 to 3!
>4 1
Coordinates should be from 1 to 3!
>2 3
This cell is occupied! Choose another one!
>2 1
---------
| X     |
| X   O |
|       |
---------
Enter the coordinates: 
>2 2
---------
| X     |
| X O O |
|       |
---------
Enter the coordinates: 
>2 3
This cell is occupied! Choose another one!
>3 1
This cell is occupied! Choose another one!
>3 2
---------
| X X   |
| X O O |
|       |
---------
Enter the coordinates: 
>3 3
---------
| X X O |
| X O O |
|       |
---------
Enter the coordinates: 
>1 1
---------
| X X O |
| X O O |
| X     |
---------
X wins
?[1;31m
Start test 5?[0m
---------
|       |
|       |
|       |
---------
Enter the coordinates: 
>4 1
Coordinates should be from 1 to 3!
>1 2
---------
|       |
|       |
|   X   |
---------
Enter the coordinates: 
>4 1
Coordinates should be from 1 to 3!
>1 4
Coordinates should be from 1 to 3!
>3 1
---------
| O     |
|       |
|   X   |
---------
Enter the coordinates: 
>4 4
Coordinates should be from 1 to 3!
>2 1
---------
| O     |
| X     |
|   X   |
---------
Enter the coordinates: 
>4 2
Coordinates should be from 1 to 3!
>3 2
---------
| O O   |
| X     |
|   X   |
---------
Enter the coordinates: 
>3 2
This cell is occupied! Choose another one!
>2 2
---------
| O O   |
| X X   |
|   X   |
---------
Enter the coordinates: 
>2 3
---------
| O O   |
| X X O |
|   X   |
---------
Enter the coordinates: 
>3 1
This cell is occupied! Choose another one!
>3 2
This cell is occupied! Choose another one!
>3 3
---------
| O O X |
| X X O |
|   X   |
---------
Enter the coordinates: 
>1 1
---------
| O O X |
| X X O |
| O X   |
---------
Enter the coordinates: 
>1 2
This cell is occupied! Choose another one!
>1 3
---------
| O O X |
| X X O |
| O X X |
---------
Draw
?[1;31m
Start test 6?[0m
---------
|       |
|       |
|       |
---------
Enter the coordinates: 
>4 5
Coordinates should be from 1 to 3!
>2 1
---------
|       |
| X     |
|       |
---------
Enter the coordinates: 
>3 3
---------
|     O |
| X     |
|       |
---------
Enter the coordinates: 
>2 1
This cell is occupied! Choose another one!
>3 1
---------
| X   O |
| X     |
|       |
---------
Enter the coordinates: 
>3 4
Coordinates should be from 1 to 3!
>4 4
Coordinates should be from 1 to 3!
>1 2
---------
| X   O |
| X     |
|   O   |
---------
Enter the coordinates: 
>1 1
---------
| X   O |
| X     |
| X O   |
---------
X wins
?[1;31m
Start test 7?[0m
---------
|       |
|       |
|       |
---------
Enter the coordinates: 
>2 1
---------
|       |
| X     |
|       |
---------
Enter the coordinates: 
>2 2
---------
|       |
| X O   |
|       |
---------
Enter the coordinates: 
>3 2
---------
|   X   |
| X O   |
|       |
---------
Enter the coordinates: 
>3 4
Coordinates should be from 1 to 3!
>4 1
Coordinates should be from 1 to 3!
>3 2
This cell is occupied! Choose another one!
>4 1
Coordinates should be from 1 to 3!
>1 2
---------
|   X   |
| X O   |
|   O   |
---------
Enter the coordinates: 
>4 3
Coordinates should be from 1 to 3!
>1 4
Coordinates should be from 1 to 3!
>3 1
---------
| X X   |
| X O   |
|   O   |
---------
Enter the coordinates: 
>3 2
This cell is occupied! Choose another one!
>3 3
---------
| X X O |
| X O   |
|   O   |
---------
Enter the coordinates: 
>1 1
---------
| X X O |
| X O   |
| X O   |
---------
X wins
?[1;31m
Start test 8?[0m
---------
|       |
|       |
|       |
---------
Enter the coordinates: 
>4 7
Coordinates should be from 1 to 3!
>1 3
---------
|       |
|       |
|     X |
---------
Enter the coordinates: 
>4 1
Coordinates should be from 1 to 3!
>1 1
---------
|       |
|       |
| O   X |
---------
Enter the coordinates: 
>3 4
Coordinates should be from 1 to 3!
>3 1
---------
| X     |
|       |
| O   X |
---------
Enter the coordinates: 
>4 3
Coordinates should be from 1 to 3!
>4 4
Coordinates should be from 1 to 3!
>2 2
---------
| X     |
|   O   |
| O   X |
---------
Enter the coordinates: 
>2 4
Coordinates should be from 1 to 3!
>4 1
Coordinates should be from 1 to 3!
>3 2
---------
| X X   |
|   O   |
| O   X |
---------
Enter the coordinates: 
>3 3
---------
| X X O |
|   O   |
| O   X |
---------
O wins
?[1;31m
Start test 9?[0m
---------
|       |
|       |
|       |
---------
Enter the coordinates: 
>3 3
---------
|     X |
|       |
|       |
---------
Enter the coordinates: 
>4 3
Coordinates should be from 1 to 3!
>4 1
Coordinates should be from 1 to 3!
>2 4
Coordinates should be from 1 to 3!
>3 4
Coordinates should be from 1 to 3!
>2 2
---------
|     X |
|   O   |
|       |
---------
Enter the coordinates: 
>1 4
Coordinates should be from 1 to 3!
>2 1
---------
|     X |
| X O   |
|       |
---------
Enter the coordinates: 
>4 4
Coordinates should be from 1 to 3!
>1 3
---------
|     X |
| X O   |
|     O |
---------
Enter the coordinates: 
>3 3
This cell is occupied! Choose another one!
>1 1
---------
|     X |
| X O   |
| X   O |
---------
Enter the coordinates: 
>1 2
---------
|     X |
| X O   |
| X O O |
---------
Enter the coordinates: 
>1 3
This cell is occupied! Choose another one!
>2 1
This cell is occupied! Choose another one!
>2 2
This cell is occupied! Choose another one!
>2 3
---------
|     X |
| X O X |
| X O O |
---------
Enter the coordinates: 
>3 1
---------
| O   X |
| X O X |
| X O O |
---------
O wins
]]></system-out>
  <system-err><![CDATA[]]></system-err>
</testsuite>
